<?xml version="1.0" encoding="UTF-8"?>
<testng-results ignored="0" total="9" passed="0" failed="0" skipped="9">
  <reporter-output>
  </reporter-output>
  <suite started-at="2021-11-26T23:30:54 PST" name="Default suite" finished-at="2021-11-26T23:30:54 PST" duration-ms="635">
    <groups>
    </groups>
    <test started-at="2021-11-26T23:30:54 PST" name="Default test" finished-at="2021-11-26T23:30:54 PST" duration-ms="635">
      <class name="com.dsalgo.testcases.Array_PageValidation">
        <test-method is-config="true" signature="beforeClass()[pri:0, instance:com.dsalgo.testcases.Array_PageValidation@302f7971]" started-at="2021-11-26T23:30:54 PST" name="beforeClass" finished-at="2021-11-26T23:30:54 PST" duration-ms="457" status="FAIL">
          <exception class="org.openqa.selenium.WebDriverException">
            <message>
              <![CDATA[unknown error: cannot find MSEdge binary
Build info: version: '3.141.59', revision: 'e82be7d358', time: '2018-11-14T08:17:03'
System info: host: 'Nitins-MacBook-Pro.local', ip: '2601:647:4903:a510:5548:d3d5:dfef:fcb8%en0', os.name: 'Mac OS X', os.arch: 'x86_64', os.version: '10.16', java.version: '15.0.1'
Driver info: driver.version: EdgeDriver
remote stacktrace: 0   msedgedriver                        0x000000010633e8b9 __gxx_personality_v0 + 591561
1   msedgedriver                        0x00000001062c80e3 __gxx_personality_v0 + 106227
2   msedgedriver                        0x0000000105e7f658 msedgedriver + 173656
3   msedgedriver                        0x0000000105ea3749 msedgedriver + 321353
4   msedgedriver                        0x0000000105ea0a0f msedgedriver + 309775
5   msedgedriver                        0x0000000105edbd1d msedgedriver + 552221
6   msedgedriver                        0x0000000105ed5383 msedgedriver + 525187
7   msedgedriver                        0x0000000105eab3fa msedgedriver + 353274
8   msedgedriver                        0x0000000105eac7a5 msedgedriver + 358309
9   msedgedriver                        0x00000001062f9ecb __gxx_personality_v0 + 310491
10  msedgedriver                        0x0000000106312616 __gxx_personality_v0 + 410662
11  msedgedriver                        0x0000000106317efb __gxx_personality_v0 + 433419
12  msedgedriver                        0x0000000106313cf4 __gxx_personality_v0 + 416516
13  msedgedriver                        0x00000001062eed4b __gxx_personality_v0 + 265051
14  msedgedriver                        0x000000010632ea28 __gxx_personality_v0 + 526392
15  msedgedriver                        0x000000010632ebe8 __gxx_personality_v0 + 526840
16  msedgedriver                        0x0000000106345ce8 __gxx_personality_v0 + 621304
17  libsystem_pthread.dylib             0x00007fff203178fc _pthread_start + 224
18  libsystem_pthread.dylib             0x00007fff20313443 thread_start + 15
]]>
            </message>
            <full-stacktrace>
              <![CDATA[org.openqa.selenium.WebDriverException: unknown error: cannot find MSEdge binary
Build info: version: '3.141.59', revision: 'e82be7d358', time: '2018-11-14T08:17:03'
System info: host: 'Nitins-MacBook-Pro.local', ip: '2601:647:4903:a510:5548:d3d5:dfef:fcb8%en0', os.name: 'Mac OS X', os.arch: 'x86_64', os.version: '10.16', java.version: '15.0.1'
Driver info: driver.version: EdgeDriver
remote stacktrace: 0   msedgedriver                        0x000000010633e8b9 __gxx_personality_v0 + 591561
1   msedgedriver                        0x00000001062c80e3 __gxx_personality_v0 + 106227
2   msedgedriver                        0x0000000105e7f658 msedgedriver + 173656
3   msedgedriver                        0x0000000105ea3749 msedgedriver + 321353
4   msedgedriver                        0x0000000105ea0a0f msedgedriver + 309775
5   msedgedriver                        0x0000000105edbd1d msedgedriver + 552221
6   msedgedriver                        0x0000000105ed5383 msedgedriver + 525187
7   msedgedriver                        0x0000000105eab3fa msedgedriver + 353274
8   msedgedriver                        0x0000000105eac7a5 msedgedriver + 358309
9   msedgedriver                        0x00000001062f9ecb __gxx_personality_v0 + 310491
10  msedgedriver                        0x0000000106312616 __gxx_personality_v0 + 410662
11  msedgedriver                        0x0000000106317efb __gxx_personality_v0 + 433419
12  msedgedriver                        0x0000000106313cf4 __gxx_personality_v0 + 416516
13  msedgedriver                        0x00000001062eed4b __gxx_personality_v0 + 265051
14  msedgedriver                        0x000000010632ea28 __gxx_personality_v0 + 526392
15  msedgedriver                        0x000000010632ebe8 __gxx_personality_v0 + 526840
16  msedgedriver                        0x0000000106345ce8 __gxx_personality_v0 + 621304
17  libsystem_pthread.dylib             0x00007fff203178fc _pthread_start + 224
18  libsystem_pthread.dylib             0x00007fff20313443 thread_start + 15

at java.base/jdk.internal.reflect.NativeConstructorAccessorImpl.newInstance0(Native Method)
at java.base/jdk.internal.reflect.NativeConstructorAccessorImpl.newInstance(NativeConstructorAccessorImpl.java:64)
at java.base/jdk.internal.reflect.DelegatingConstructorAccessorImpl.newInstance(DelegatingConstructorAccessorImpl.java:45)
at java.base/java.lang.reflect.Constructor.newInstanceWithCaller(Constructor.java:500)
at java.base/java.lang.reflect.Constructor.newInstance(Constructor.java:481)
at org.openqa.selenium.remote.W3CHandshakeResponse.lambda$errorHandler$0(W3CHandshakeResponse.java:62)
at org.openqa.selenium.remote.HandshakeResponse.lambda$getResponseFunction$0(HandshakeResponse.java:30)
at org.openqa.selenium.remote.ProtocolHandshake.lambda$createSession$0(ProtocolHandshake.java:126)
at java.base/java.util.stream.ReferencePipeline$3$1.accept(ReferencePipeline.java:195)
at java.base/java.util.Spliterators$ArraySpliterator.tryAdvance(Spliterators.java:958)
at java.base/java.util.stream.ReferencePipeline.forEachWithCancel(ReferencePipeline.java:127)
at java.base/java.util.stream.AbstractPipeline.copyIntoWithCancel(AbstractPipeline.java:502)
at java.base/java.util.stream.AbstractPipeline.copyInto(AbstractPipeline.java:488)
at java.base/java.util.stream.AbstractPipeline.wrapAndCopyInto(AbstractPipeline.java:474)
at java.base/java.util.stream.FindOps$FindOp.evaluateSequential(FindOps.java:150)
at java.base/java.util.stream.AbstractPipeline.evaluate(AbstractPipeline.java:234)
at java.base/java.util.stream.ReferencePipeline.findFirst(ReferencePipeline.java:543)
at org.openqa.selenium.remote.ProtocolHandshake.createSession(ProtocolHandshake.java:128)
at org.openqa.selenium.remote.ProtocolHandshake.createSession(ProtocolHandshake.java:74)
at org.openqa.selenium.remote.HttpCommandExecutor.execute(HttpCommandExecutor.java:136)
at org.openqa.selenium.remote.service.DriverCommandExecutor.execute(DriverCommandExecutor.java:83)
at org.openqa.selenium.remote.RemoteWebDriver.execute(RemoteWebDriver.java:552)
at org.openqa.selenium.remote.RemoteWebDriver.startSession(RemoteWebDriver.java:213)
at org.openqa.selenium.remote.RemoteWebDriver.<init>(RemoteWebDriver.java:131)
at org.openqa.selenium.edge.EdgeDriver.<init>(EdgeDriver.java:141)
at org.openqa.selenium.edge.EdgeDriver.<init>(EdgeDriver.java:96)
at com.dsalgo.base.BrowserInit.startApplication(BrowserInit.java:51)
at com.dsalgo.base.BrowserInit.beforeClass(BrowserInit.java:80)
at java.base/jdk.internal.reflect.NativeMethodAccessorImpl.invoke0(Native Method)
at java.base/jdk.internal.reflect.NativeMethodAccessorImpl.invoke(NativeMethodAccessorImpl.java:64)
at java.base/jdk.internal.reflect.DelegatingMethodAccessorImpl.invoke(DelegatingMethodAccessorImpl.java:43)
at java.base/java.lang.reflect.Method.invoke(Method.java:564)
at org.testng.internal.MethodInvocationHelper.invokeMethod(MethodInvocationHelper.java:133)
at org.testng.internal.MethodInvocationHelper.invokeMethodConsideringTimeout(MethodInvocationHelper.java:62)
at org.testng.internal.ConfigInvoker.invokeConfigurationMethod(ConfigInvoker.java:385)
at org.testng.internal.ConfigInvoker.invokeConfigurations(ConfigInvoker.java:321)
at org.testng.internal.TestMethodWorker.invokeBeforeClassMethods(TestMethodWorker.java:176)
at org.testng.internal.TestMethodWorker.run(TestMethodWorker.java:122)
at java.base/java.util.ArrayList.forEach(ArrayList.java:1511)
at org.testng.TestRunner.privateRun(TestRunner.java:794)
at org.testng.TestRunner.run(TestRunner.java:596)
at org.testng.SuiteRunner.runTest(SuiteRunner.java:377)
at org.testng.SuiteRunner.runSequentially(SuiteRunner.java:371)
at org.testng.SuiteRunner.privateRun(SuiteRunner.java:332)
at org.testng.SuiteRunner.run(SuiteRunner.java:276)
at org.testng.SuiteRunnerWorker.runSuite(SuiteRunnerWorker.java:53)
at org.testng.SuiteRunnerWorker.run(SuiteRunnerWorker.java:96)
at org.testng.TestNG.runSuitesSequentially(TestNG.java:1212)
at org.testng.TestNG.runSuitesLocally(TestNG.java:1134)
at org.testng.TestNG.runSuites(TestNG.java:1063)
at org.testng.TestNG.run(TestNG.java:1031)
at org.testng.remote.AbstractRemoteTestNG.run(AbstractRemoteTestNG.java:115)
at org.testng.remote.RemoteTestNG.initAndRun(RemoteTestNG.java:251)
at org.testng.remote.RemoteTestNG.main(RemoteTestNG.java:77)
]]>
            </full-stacktrace>
          </exception> <!-- org.openqa.selenium.WebDriverException -->
          <reporter-output>
          </reporter-output>
        </test-method> <!-- beforeClass -->
        <test-method signature="loginuser()[pri:0, instance:com.dsalgo.testcases.Array_PageValidation@302f7971]" started-at="2021-11-26T23:30:54 PST" name="loginuser" finished-at="2021-11-26T23:30:54 PST" duration-ms="0" status="SKIP">
          <exception class="org.openqa.selenium.WebDriverException">
            <message>
              <![CDATA[unknown error: cannot find MSEdge binary
Build info: version: '3.141.59', revision: 'e82be7d358', time: '2018-11-14T08:17:03'
System info: host: 'Nitins-MacBook-Pro.local', ip: '2601:647:4903:a510:5548:d3d5:dfef:fcb8%en0', os.name: 'Mac OS X', os.arch: 'x86_64', os.version: '10.16', java.version: '15.0.1'
Driver info: driver.version: EdgeDriver
remote stacktrace: 0   msedgedriver                        0x000000010633e8b9 __gxx_personality_v0 + 591561
1   msedgedriver                        0x00000001062c80e3 __gxx_personality_v0 + 106227
2   msedgedriver                        0x0000000105e7f658 msedgedriver + 173656
3   msedgedriver                        0x0000000105ea3749 msedgedriver + 321353
4   msedgedriver                        0x0000000105ea0a0f msedgedriver + 309775
5   msedgedriver                        0x0000000105edbd1d msedgedriver + 552221
6   msedgedriver                        0x0000000105ed5383 msedgedriver + 525187
7   msedgedriver                        0x0000000105eab3fa msedgedriver + 353274
8   msedgedriver                        0x0000000105eac7a5 msedgedriver + 358309
9   msedgedriver                        0x00000001062f9ecb __gxx_personality_v0 + 310491
10  msedgedriver                        0x0000000106312616 __gxx_personality_v0 + 410662
11  msedgedriver                        0x0000000106317efb __gxx_personality_v0 + 433419
12  msedgedriver                        0x0000000106313cf4 __gxx_personality_v0 + 416516
13  msedgedriver                        0x00000001062eed4b __gxx_personality_v0 + 265051
14  msedgedriver                        0x000000010632ea28 __gxx_personality_v0 + 526392
15  msedgedriver                        0x000000010632ebe8 __gxx_personality_v0 + 526840
16  msedgedriver                        0x0000000106345ce8 __gxx_personality_v0 + 621304
17  libsystem_pthread.dylib             0x00007fff203178fc _pthread_start + 224
18  libsystem_pthread.dylib             0x00007fff20313443 thread_start + 15
]]>
            </message>
            <full-stacktrace>
              <![CDATA[org.openqa.selenium.WebDriverException: unknown error: cannot find MSEdge binary
Build info: version: '3.141.59', revision: 'e82be7d358', time: '2018-11-14T08:17:03'
System info: host: 'Nitins-MacBook-Pro.local', ip: '2601:647:4903:a510:5548:d3d5:dfef:fcb8%en0', os.name: 'Mac OS X', os.arch: 'x86_64', os.version: '10.16', java.version: '15.0.1'
Driver info: driver.version: EdgeDriver
remote stacktrace: 0   msedgedriver                        0x000000010633e8b9 __gxx_personality_v0 + 591561
1   msedgedriver                        0x00000001062c80e3 __gxx_personality_v0 + 106227
2   msedgedriver                        0x0000000105e7f658 msedgedriver + 173656
3   msedgedriver                        0x0000000105ea3749 msedgedriver + 321353
4   msedgedriver                        0x0000000105ea0a0f msedgedriver + 309775
5   msedgedriver                        0x0000000105edbd1d msedgedriver + 552221
6   msedgedriver                        0x0000000105ed5383 msedgedriver + 525187
7   msedgedriver                        0x0000000105eab3fa msedgedriver + 353274
8   msedgedriver                        0x0000000105eac7a5 msedgedriver + 358309
9   msedgedriver                        0x00000001062f9ecb __gxx_personality_v0 + 310491
10  msedgedriver                        0x0000000106312616 __gxx_personality_v0 + 410662
11  msedgedriver                        0x0000000106317efb __gxx_personality_v0 + 433419
12  msedgedriver                        0x0000000106313cf4 __gxx_personality_v0 + 416516
13  msedgedriver                        0x00000001062eed4b __gxx_personality_v0 + 265051
14  msedgedriver                        0x000000010632ea28 __gxx_personality_v0 + 526392
15  msedgedriver                        0x000000010632ebe8 __gxx_personality_v0 + 526840
16  msedgedriver                        0x0000000106345ce8 __gxx_personality_v0 + 621304
17  libsystem_pthread.dylib             0x00007fff203178fc _pthread_start + 224
18  libsystem_pthread.dylib             0x00007fff20313443 thread_start + 15

at java.base/jdk.internal.reflect.NativeConstructorAccessorImpl.newInstance0(Native Method)
at java.base/jdk.internal.reflect.NativeConstructorAccessorImpl.newInstance(NativeConstructorAccessorImpl.java:64)
at java.base/jdk.internal.reflect.DelegatingConstructorAccessorImpl.newInstance(DelegatingConstructorAccessorImpl.java:45)
at java.base/java.lang.reflect.Constructor.newInstanceWithCaller(Constructor.java:500)
at java.base/java.lang.reflect.Constructor.newInstance(Constructor.java:481)
at org.openqa.selenium.remote.W3CHandshakeResponse.lambda$errorHandler$0(W3CHandshakeResponse.java:62)
at org.openqa.selenium.remote.HandshakeResponse.lambda$getResponseFunction$0(HandshakeResponse.java:30)
at org.openqa.selenium.remote.ProtocolHandshake.lambda$createSession$0(ProtocolHandshake.java:126)
at java.base/java.util.stream.ReferencePipeline$3$1.accept(ReferencePipeline.java:195)
at java.base/java.util.Spliterators$ArraySpliterator.tryAdvance(Spliterators.java:958)
at java.base/java.util.stream.ReferencePipeline.forEachWithCancel(ReferencePipeline.java:127)
at java.base/java.util.stream.AbstractPipeline.copyIntoWithCancel(AbstractPipeline.java:502)
at java.base/java.util.stream.AbstractPipeline.copyInto(AbstractPipeline.java:488)
at java.base/java.util.stream.AbstractPipeline.wrapAndCopyInto(AbstractPipeline.java:474)
at java.base/java.util.stream.FindOps$FindOp.evaluateSequential(FindOps.java:150)
at java.base/java.util.stream.AbstractPipeline.evaluate(AbstractPipeline.java:234)
at java.base/java.util.stream.ReferencePipeline.findFirst(ReferencePipeline.java:543)
at org.openqa.selenium.remote.ProtocolHandshake.createSession(ProtocolHandshake.java:128)
at org.openqa.selenium.remote.ProtocolHandshake.createSession(ProtocolHandshake.java:74)
at org.openqa.selenium.remote.HttpCommandExecutor.execute(HttpCommandExecutor.java:136)
at org.openqa.selenium.remote.service.DriverCommandExecutor.execute(DriverCommandExecutor.java:83)
at org.openqa.selenium.remote.RemoteWebDriver.execute(RemoteWebDriver.java:552)
at org.openqa.selenium.remote.RemoteWebDriver.startSession(RemoteWebDriver.java:213)
at org.openqa.selenium.remote.RemoteWebDriver.<init>(RemoteWebDriver.java:131)
at org.openqa.selenium.edge.EdgeDriver.<init>(EdgeDriver.java:141)
at org.openqa.selenium.edge.EdgeDriver.<init>(EdgeDriver.java:96)
at com.dsalgo.base.BrowserInit.startApplication(BrowserInit.java:51)
at com.dsalgo.base.BrowserInit.beforeClass(BrowserInit.java:80)
at java.base/jdk.internal.reflect.NativeMethodAccessorImpl.invoke0(Native Method)
at java.base/jdk.internal.reflect.NativeMethodAccessorImpl.invoke(NativeMethodAccessorImpl.java:64)
at java.base/jdk.internal.reflect.DelegatingMethodAccessorImpl.invoke(DelegatingMethodAccessorImpl.java:43)
at java.base/java.lang.reflect.Method.invoke(Method.java:564)
at org.testng.internal.MethodInvocationHelper.invokeMethod(MethodInvocationHelper.java:133)
at org.testng.internal.MethodInvocationHelper.invokeMethodConsideringTimeout(MethodInvocationHelper.java:62)
at org.testng.internal.ConfigInvoker.invokeConfigurationMethod(ConfigInvoker.java:385)
at org.testng.internal.ConfigInvoker.invokeConfigurations(ConfigInvoker.java:321)
at org.testng.internal.TestMethodWorker.invokeBeforeClassMethods(TestMethodWorker.java:176)
at org.testng.internal.TestMethodWorker.run(TestMethodWorker.java:122)
at java.base/java.util.ArrayList.forEach(ArrayList.java:1511)
at org.testng.TestRunner.privateRun(TestRunner.java:794)
at org.testng.TestRunner.run(TestRunner.java:596)
at org.testng.SuiteRunner.runTest(SuiteRunner.java:377)
at org.testng.SuiteRunner.runSequentially(SuiteRunner.java:371)
at org.testng.SuiteRunner.privateRun(SuiteRunner.java:332)
at org.testng.SuiteRunner.run(SuiteRunner.java:276)
at org.testng.SuiteRunnerWorker.runSuite(SuiteRunnerWorker.java:53)
at org.testng.SuiteRunnerWorker.run(SuiteRunnerWorker.java:96)
at org.testng.TestNG.runSuitesSequentially(TestNG.java:1212)
at org.testng.TestNG.runSuitesLocally(TestNG.java:1134)
at org.testng.TestNG.runSuites(TestNG.java:1063)
at org.testng.TestNG.run(TestNG.java:1031)
at org.testng.remote.AbstractRemoteTestNG.run(AbstractRemoteTestNG.java:115)
at org.testng.remote.RemoteTestNG.initAndRun(RemoteTestNG.java:251)
at org.testng.remote.RemoteTestNG.main(RemoteTestNG.java:77)
]]>
            </full-stacktrace>
          </exception> <!-- org.openqa.selenium.WebDriverException -->
          <reporter-output>
          </reporter-output>
        </test-method> <!-- loginuser -->
        <test-method signature="ArrayPage()[pri:1, instance:com.dsalgo.testcases.Array_PageValidation@302f7971]" started-at="2021-11-26T23:30:54 PST" name="ArrayPage" finished-at="2021-11-26T23:30:54 PST" duration-ms="0" status="SKIP">
          <exception class="org.openqa.selenium.WebDriverException">
            <message>
              <![CDATA[unknown error: cannot find MSEdge binary
Build info: version: '3.141.59', revision: 'e82be7d358', time: '2018-11-14T08:17:03'
System info: host: 'Nitins-MacBook-Pro.local', ip: '2601:647:4903:a510:5548:d3d5:dfef:fcb8%en0', os.name: 'Mac OS X', os.arch: 'x86_64', os.version: '10.16', java.version: '15.0.1'
Driver info: driver.version: EdgeDriver
remote stacktrace: 0   msedgedriver                        0x000000010633e8b9 __gxx_personality_v0 + 591561
1   msedgedriver                        0x00000001062c80e3 __gxx_personality_v0 + 106227
2   msedgedriver                        0x0000000105e7f658 msedgedriver + 173656
3   msedgedriver                        0x0000000105ea3749 msedgedriver + 321353
4   msedgedriver                        0x0000000105ea0a0f msedgedriver + 309775
5   msedgedriver                        0x0000000105edbd1d msedgedriver + 552221
6   msedgedriver                        0x0000000105ed5383 msedgedriver + 525187
7   msedgedriver                        0x0000000105eab3fa msedgedriver + 353274
8   msedgedriver                        0x0000000105eac7a5 msedgedriver + 358309
9   msedgedriver                        0x00000001062f9ecb __gxx_personality_v0 + 310491
10  msedgedriver                        0x0000000106312616 __gxx_personality_v0 + 410662
11  msedgedriver                        0x0000000106317efb __gxx_personality_v0 + 433419
12  msedgedriver                        0x0000000106313cf4 __gxx_personality_v0 + 416516
13  msedgedriver                        0x00000001062eed4b __gxx_personality_v0 + 265051
14  msedgedriver                        0x000000010632ea28 __gxx_personality_v0 + 526392
15  msedgedriver                        0x000000010632ebe8 __gxx_personality_v0 + 526840
16  msedgedriver                        0x0000000106345ce8 __gxx_personality_v0 + 621304
17  libsystem_pthread.dylib             0x00007fff203178fc _pthread_start + 224
18  libsystem_pthread.dylib             0x00007fff20313443 thread_start + 15
]]>
            </message>
            <full-stacktrace>
              <![CDATA[org.openqa.selenium.WebDriverException: unknown error: cannot find MSEdge binary
Build info: version: '3.141.59', revision: 'e82be7d358', time: '2018-11-14T08:17:03'
System info: host: 'Nitins-MacBook-Pro.local', ip: '2601:647:4903:a510:5548:d3d5:dfef:fcb8%en0', os.name: 'Mac OS X', os.arch: 'x86_64', os.version: '10.16', java.version: '15.0.1'
Driver info: driver.version: EdgeDriver
remote stacktrace: 0   msedgedriver                        0x000000010633e8b9 __gxx_personality_v0 + 591561
1   msedgedriver                        0x00000001062c80e3 __gxx_personality_v0 + 106227
2   msedgedriver                        0x0000000105e7f658 msedgedriver + 173656
3   msedgedriver                        0x0000000105ea3749 msedgedriver + 321353
4   msedgedriver                        0x0000000105ea0a0f msedgedriver + 309775
5   msedgedriver                        0x0000000105edbd1d msedgedriver + 552221
6   msedgedriver                        0x0000000105ed5383 msedgedriver + 525187
7   msedgedriver                        0x0000000105eab3fa msedgedriver + 353274
8   msedgedriver                        0x0000000105eac7a5 msedgedriver + 358309
9   msedgedriver                        0x00000001062f9ecb __gxx_personality_v0 + 310491
10  msedgedriver                        0x0000000106312616 __gxx_personality_v0 + 410662
11  msedgedriver                        0x0000000106317efb __gxx_personality_v0 + 433419
12  msedgedriver                        0x0000000106313cf4 __gxx_personality_v0 + 416516
13  msedgedriver                        0x00000001062eed4b __gxx_personality_v0 + 265051
14  msedgedriver                        0x000000010632ea28 __gxx_personality_v0 + 526392
15  msedgedriver                        0x000000010632ebe8 __gxx_personality_v0 + 526840
16  msedgedriver                        0x0000000106345ce8 __gxx_personality_v0 + 621304
17  libsystem_pthread.dylib             0x00007fff203178fc _pthread_start + 224
18  libsystem_pthread.dylib             0x00007fff20313443 thread_start + 15

at java.base/jdk.internal.reflect.NativeConstructorAccessorImpl.newInstance0(Native Method)
at java.base/jdk.internal.reflect.NativeConstructorAccessorImpl.newInstance(NativeConstructorAccessorImpl.java:64)
at java.base/jdk.internal.reflect.DelegatingConstructorAccessorImpl.newInstance(DelegatingConstructorAccessorImpl.java:45)
at java.base/java.lang.reflect.Constructor.newInstanceWithCaller(Constructor.java:500)
at java.base/java.lang.reflect.Constructor.newInstance(Constructor.java:481)
at org.openqa.selenium.remote.W3CHandshakeResponse.lambda$errorHandler$0(W3CHandshakeResponse.java:62)
at org.openqa.selenium.remote.HandshakeResponse.lambda$getResponseFunction$0(HandshakeResponse.java:30)
at org.openqa.selenium.remote.ProtocolHandshake.lambda$createSession$0(ProtocolHandshake.java:126)
at java.base/java.util.stream.ReferencePipeline$3$1.accept(ReferencePipeline.java:195)
at java.base/java.util.Spliterators$ArraySpliterator.tryAdvance(Spliterators.java:958)
at java.base/java.util.stream.ReferencePipeline.forEachWithCancel(ReferencePipeline.java:127)
at java.base/java.util.stream.AbstractPipeline.copyIntoWithCancel(AbstractPipeline.java:502)
at java.base/java.util.stream.AbstractPipeline.copyInto(AbstractPipeline.java:488)
at java.base/java.util.stream.AbstractPipeline.wrapAndCopyInto(AbstractPipeline.java:474)
at java.base/java.util.stream.FindOps$FindOp.evaluateSequential(FindOps.java:150)
at java.base/java.util.stream.AbstractPipeline.evaluate(AbstractPipeline.java:234)
at java.base/java.util.stream.ReferencePipeline.findFirst(ReferencePipeline.java:543)
at org.openqa.selenium.remote.ProtocolHandshake.createSession(ProtocolHandshake.java:128)
at org.openqa.selenium.remote.ProtocolHandshake.createSession(ProtocolHandshake.java:74)
at org.openqa.selenium.remote.HttpCommandExecutor.execute(HttpCommandExecutor.java:136)
at org.openqa.selenium.remote.service.DriverCommandExecutor.execute(DriverCommandExecutor.java:83)
at org.openqa.selenium.remote.RemoteWebDriver.execute(RemoteWebDriver.java:552)
at org.openqa.selenium.remote.RemoteWebDriver.startSession(RemoteWebDriver.java:213)
at org.openqa.selenium.remote.RemoteWebDriver.<init>(RemoteWebDriver.java:131)
at org.openqa.selenium.edge.EdgeDriver.<init>(EdgeDriver.java:141)
at org.openqa.selenium.edge.EdgeDriver.<init>(EdgeDriver.java:96)
at com.dsalgo.base.BrowserInit.startApplication(BrowserInit.java:51)
at com.dsalgo.base.BrowserInit.beforeClass(BrowserInit.java:80)
at java.base/jdk.internal.reflect.NativeMethodAccessorImpl.invoke0(Native Method)
at java.base/jdk.internal.reflect.NativeMethodAccessorImpl.invoke(NativeMethodAccessorImpl.java:64)
at java.base/jdk.internal.reflect.DelegatingMethodAccessorImpl.invoke(DelegatingMethodAccessorImpl.java:43)
at java.base/java.lang.reflect.Method.invoke(Method.java:564)
at org.testng.internal.MethodInvocationHelper.invokeMethod(MethodInvocationHelper.java:133)
at org.testng.internal.MethodInvocationHelper.invokeMethodConsideringTimeout(MethodInvocationHelper.java:62)
at org.testng.internal.ConfigInvoker.invokeConfigurationMethod(ConfigInvoker.java:385)
at org.testng.internal.ConfigInvoker.invokeConfigurations(ConfigInvoker.java:321)
at org.testng.internal.TestMethodWorker.invokeBeforeClassMethods(TestMethodWorker.java:176)
at org.testng.internal.TestMethodWorker.run(TestMethodWorker.java:122)
at java.base/java.util.ArrayList.forEach(ArrayList.java:1511)
at org.testng.TestRunner.privateRun(TestRunner.java:794)
at org.testng.TestRunner.run(TestRunner.java:596)
at org.testng.SuiteRunner.runTest(SuiteRunner.java:377)
at org.testng.SuiteRunner.runSequentially(SuiteRunner.java:371)
at org.testng.SuiteRunner.privateRun(SuiteRunner.java:332)
at org.testng.SuiteRunner.run(SuiteRunner.java:276)
at org.testng.SuiteRunnerWorker.runSuite(SuiteRunnerWorker.java:53)
at org.testng.SuiteRunnerWorker.run(SuiteRunnerWorker.java:96)
at org.testng.TestNG.runSuitesSequentially(TestNG.java:1212)
at org.testng.TestNG.runSuitesLocally(TestNG.java:1134)
at org.testng.TestNG.runSuites(TestNG.java:1063)
at org.testng.TestNG.run(TestNG.java:1031)
at org.testng.remote.AbstractRemoteTestNG.run(AbstractRemoteTestNG.java:115)
at org.testng.remote.RemoteTestNG.initAndRun(RemoteTestNG.java:251)
at org.testng.remote.RemoteTestNG.main(RemoteTestNG.java:77)
]]>
            </full-stacktrace>
          </exception> <!-- org.openqa.selenium.WebDriverException -->
          <reporter-output>
          </reporter-output>
        </test-method> <!-- ArrayPage -->
        <test-method signature="ArrayPython()[pri:2, instance:com.dsalgo.testcases.Array_PageValidation@302f7971]" started-at="2021-11-26T23:30:54 PST" name="ArrayPython" finished-at="2021-11-26T23:30:54 PST" duration-ms="0" status="SKIP">
          <exception class="org.openqa.selenium.WebDriverException">
            <message>
              <![CDATA[unknown error: cannot find MSEdge binary
Build info: version: '3.141.59', revision: 'e82be7d358', time: '2018-11-14T08:17:03'
System info: host: 'Nitins-MacBook-Pro.local', ip: '2601:647:4903:a510:5548:d3d5:dfef:fcb8%en0', os.name: 'Mac OS X', os.arch: 'x86_64', os.version: '10.16', java.version: '15.0.1'
Driver info: driver.version: EdgeDriver
remote stacktrace: 0   msedgedriver                        0x000000010633e8b9 __gxx_personality_v0 + 591561
1   msedgedriver                        0x00000001062c80e3 __gxx_personality_v0 + 106227
2   msedgedriver                        0x0000000105e7f658 msedgedriver + 173656
3   msedgedriver                        0x0000000105ea3749 msedgedriver + 321353
4   msedgedriver                        0x0000000105ea0a0f msedgedriver + 309775
5   msedgedriver                        0x0000000105edbd1d msedgedriver + 552221
6   msedgedriver                        0x0000000105ed5383 msedgedriver + 525187
7   msedgedriver                        0x0000000105eab3fa msedgedriver + 353274
8   msedgedriver                        0x0000000105eac7a5 msedgedriver + 358309
9   msedgedriver                        0x00000001062f9ecb __gxx_personality_v0 + 310491
10  msedgedriver                        0x0000000106312616 __gxx_personality_v0 + 410662
11  msedgedriver                        0x0000000106317efb __gxx_personality_v0 + 433419
12  msedgedriver                        0x0000000106313cf4 __gxx_personality_v0 + 416516
13  msedgedriver                        0x00000001062eed4b __gxx_personality_v0 + 265051
14  msedgedriver                        0x000000010632ea28 __gxx_personality_v0 + 526392
15  msedgedriver                        0x000000010632ebe8 __gxx_personality_v0 + 526840
16  msedgedriver                        0x0000000106345ce8 __gxx_personality_v0 + 621304
17  libsystem_pthread.dylib             0x00007fff203178fc _pthread_start + 224
18  libsystem_pthread.dylib             0x00007fff20313443 thread_start + 15
]]>
            </message>
            <full-stacktrace>
              <![CDATA[org.openqa.selenium.WebDriverException: unknown error: cannot find MSEdge binary
Build info: version: '3.141.59', revision: 'e82be7d358', time: '2018-11-14T08:17:03'
System info: host: 'Nitins-MacBook-Pro.local', ip: '2601:647:4903:a510:5548:d3d5:dfef:fcb8%en0', os.name: 'Mac OS X', os.arch: 'x86_64', os.version: '10.16', java.version: '15.0.1'
Driver info: driver.version: EdgeDriver
remote stacktrace: 0   msedgedriver                        0x000000010633e8b9 __gxx_personality_v0 + 591561
1   msedgedriver                        0x00000001062c80e3 __gxx_personality_v0 + 106227
2   msedgedriver                        0x0000000105e7f658 msedgedriver + 173656
3   msedgedriver                        0x0000000105ea3749 msedgedriver + 321353
4   msedgedriver                        0x0000000105ea0a0f msedgedriver + 309775
5   msedgedriver                        0x0000000105edbd1d msedgedriver + 552221
6   msedgedriver                        0x0000000105ed5383 msedgedriver + 525187
7   msedgedriver                        0x0000000105eab3fa msedgedriver + 353274
8   msedgedriver                        0x0000000105eac7a5 msedgedriver + 358309
9   msedgedriver                        0x00000001062f9ecb __gxx_personality_v0 + 310491
10  msedgedriver                        0x0000000106312616 __gxx_personality_v0 + 410662
11  msedgedriver                        0x0000000106317efb __gxx_personality_v0 + 433419
12  msedgedriver                        0x0000000106313cf4 __gxx_personality_v0 + 416516
13  msedgedriver                        0x00000001062eed4b __gxx_personality_v0 + 265051
14  msedgedriver                        0x000000010632ea28 __gxx_personality_v0 + 526392
15  msedgedriver                        0x000000010632ebe8 __gxx_personality_v0 + 526840
16  msedgedriver                        0x0000000106345ce8 __gxx_personality_v0 + 621304
17  libsystem_pthread.dylib             0x00007fff203178fc _pthread_start + 224
18  libsystem_pthread.dylib             0x00007fff20313443 thread_start + 15

at java.base/jdk.internal.reflect.NativeConstructorAccessorImpl.newInstance0(Native Method)
at java.base/jdk.internal.reflect.NativeConstructorAccessorImpl.newInstance(NativeConstructorAccessorImpl.java:64)
at java.base/jdk.internal.reflect.DelegatingConstructorAccessorImpl.newInstance(DelegatingConstructorAccessorImpl.java:45)
at java.base/java.lang.reflect.Constructor.newInstanceWithCaller(Constructor.java:500)
at java.base/java.lang.reflect.Constructor.newInstance(Constructor.java:481)
at org.openqa.selenium.remote.W3CHandshakeResponse.lambda$errorHandler$0(W3CHandshakeResponse.java:62)
at org.openqa.selenium.remote.HandshakeResponse.lambda$getResponseFunction$0(HandshakeResponse.java:30)
at org.openqa.selenium.remote.ProtocolHandshake.lambda$createSession$0(ProtocolHandshake.java:126)
at java.base/java.util.stream.ReferencePipeline$3$1.accept(ReferencePipeline.java:195)
at java.base/java.util.Spliterators$ArraySpliterator.tryAdvance(Spliterators.java:958)
at java.base/java.util.stream.ReferencePipeline.forEachWithCancel(ReferencePipeline.java:127)
at java.base/java.util.stream.AbstractPipeline.copyIntoWithCancel(AbstractPipeline.java:502)
at java.base/java.util.stream.AbstractPipeline.copyInto(AbstractPipeline.java:488)
at java.base/java.util.stream.AbstractPipeline.wrapAndCopyInto(AbstractPipeline.java:474)
at java.base/java.util.stream.FindOps$FindOp.evaluateSequential(FindOps.java:150)
at java.base/java.util.stream.AbstractPipeline.evaluate(AbstractPipeline.java:234)
at java.base/java.util.stream.ReferencePipeline.findFirst(ReferencePipeline.java:543)
at org.openqa.selenium.remote.ProtocolHandshake.createSession(ProtocolHandshake.java:128)
at org.openqa.selenium.remote.ProtocolHandshake.createSession(ProtocolHandshake.java:74)
at org.openqa.selenium.remote.HttpCommandExecutor.execute(HttpCommandExecutor.java:136)
at org.openqa.selenium.remote.service.DriverCommandExecutor.execute(DriverCommandExecutor.java:83)
at org.openqa.selenium.remote.RemoteWebDriver.execute(RemoteWebDriver.java:552)
at org.openqa.selenium.remote.RemoteWebDriver.startSession(RemoteWebDriver.java:213)
at org.openqa.selenium.remote.RemoteWebDriver.<init>(RemoteWebDriver.java:131)
at org.openqa.selenium.edge.EdgeDriver.<init>(EdgeDriver.java:141)
at org.openqa.selenium.edge.EdgeDriver.<init>(EdgeDriver.java:96)
at com.dsalgo.base.BrowserInit.startApplication(BrowserInit.java:51)
at com.dsalgo.base.BrowserInit.beforeClass(BrowserInit.java:80)
at java.base/jdk.internal.reflect.NativeMethodAccessorImpl.invoke0(Native Method)
at java.base/jdk.internal.reflect.NativeMethodAccessorImpl.invoke(NativeMethodAccessorImpl.java:64)
at java.base/jdk.internal.reflect.DelegatingMethodAccessorImpl.invoke(DelegatingMethodAccessorImpl.java:43)
at java.base/java.lang.reflect.Method.invoke(Method.java:564)
at org.testng.internal.MethodInvocationHelper.invokeMethod(MethodInvocationHelper.java:133)
at org.testng.internal.MethodInvocationHelper.invokeMethodConsideringTimeout(MethodInvocationHelper.java:62)
at org.testng.internal.ConfigInvoker.invokeConfigurationMethod(ConfigInvoker.java:385)
at org.testng.internal.ConfigInvoker.invokeConfigurations(ConfigInvoker.java:321)
at org.testng.internal.TestMethodWorker.invokeBeforeClassMethods(TestMethodWorker.java:176)
at org.testng.internal.TestMethodWorker.run(TestMethodWorker.java:122)
at java.base/java.util.ArrayList.forEach(ArrayList.java:1511)
at org.testng.TestRunner.privateRun(TestRunner.java:794)
at org.testng.TestRunner.run(TestRunner.java:596)
at org.testng.SuiteRunner.runTest(SuiteRunner.java:377)
at org.testng.SuiteRunner.runSequentially(SuiteRunner.java:371)
at org.testng.SuiteRunner.privateRun(SuiteRunner.java:332)
at org.testng.SuiteRunner.run(SuiteRunner.java:276)
at org.testng.SuiteRunnerWorker.runSuite(SuiteRunnerWorker.java:53)
at org.testng.SuiteRunnerWorker.run(SuiteRunnerWorker.java:96)
at org.testng.TestNG.runSuitesSequentially(TestNG.java:1212)
at org.testng.TestNG.runSuitesLocally(TestNG.java:1134)
at org.testng.TestNG.runSuites(TestNG.java:1063)
at org.testng.TestNG.run(TestNG.java:1031)
at org.testng.remote.AbstractRemoteTestNG.run(AbstractRemoteTestNG.java:115)
at org.testng.remote.RemoteTestNG.initAndRun(RemoteTestNG.java:251)
at org.testng.remote.RemoteTestNG.main(RemoteTestNG.java:77)
]]>
            </full-stacktrace>
          </exception> <!-- org.openqa.selenium.WebDriverException -->
          <reporter-output>
          </reporter-output>
        </test-method> <!-- ArrayPython -->
        <test-method signature="ArrayPython_TextEditor()[pri:3, instance:com.dsalgo.testcases.Array_PageValidation@302f7971]" started-at="2021-11-26T23:30:54 PST" name="ArrayPython_TextEditor" finished-at="2021-11-26T23:30:54 PST" duration-ms="0" status="SKIP">
          <exception class="org.openqa.selenium.WebDriverException">
            <message>
              <![CDATA[unknown error: cannot find MSEdge binary
Build info: version: '3.141.59', revision: 'e82be7d358', time: '2018-11-14T08:17:03'
System info: host: 'Nitins-MacBook-Pro.local', ip: '2601:647:4903:a510:5548:d3d5:dfef:fcb8%en0', os.name: 'Mac OS X', os.arch: 'x86_64', os.version: '10.16', java.version: '15.0.1'
Driver info: driver.version: EdgeDriver
remote stacktrace: 0   msedgedriver                        0x000000010633e8b9 __gxx_personality_v0 + 591561
1   msedgedriver                        0x00000001062c80e3 __gxx_personality_v0 + 106227
2   msedgedriver                        0x0000000105e7f658 msedgedriver + 173656
3   msedgedriver                        0x0000000105ea3749 msedgedriver + 321353
4   msedgedriver                        0x0000000105ea0a0f msedgedriver + 309775
5   msedgedriver                        0x0000000105edbd1d msedgedriver + 552221
6   msedgedriver                        0x0000000105ed5383 msedgedriver + 525187
7   msedgedriver                        0x0000000105eab3fa msedgedriver + 353274
8   msedgedriver                        0x0000000105eac7a5 msedgedriver + 358309
9   msedgedriver                        0x00000001062f9ecb __gxx_personality_v0 + 310491
10  msedgedriver                        0x0000000106312616 __gxx_personality_v0 + 410662
11  msedgedriver                        0x0000000106317efb __gxx_personality_v0 + 433419
12  msedgedriver                        0x0000000106313cf4 __gxx_personality_v0 + 416516
13  msedgedriver                        0x00000001062eed4b __gxx_personality_v0 + 265051
14  msedgedriver                        0x000000010632ea28 __gxx_personality_v0 + 526392
15  msedgedriver                        0x000000010632ebe8 __gxx_personality_v0 + 526840
16  msedgedriver                        0x0000000106345ce8 __gxx_personality_v0 + 621304
17  libsystem_pthread.dylib             0x00007fff203178fc _pthread_start + 224
18  libsystem_pthread.dylib             0x00007fff20313443 thread_start + 15
]]>
            </message>
            <full-stacktrace>
              <![CDATA[org.openqa.selenium.WebDriverException: unknown error: cannot find MSEdge binary
Build info: version: '3.141.59', revision: 'e82be7d358', time: '2018-11-14T08:17:03'
System info: host: 'Nitins-MacBook-Pro.local', ip: '2601:647:4903:a510:5548:d3d5:dfef:fcb8%en0', os.name: 'Mac OS X', os.arch: 'x86_64', os.version: '10.16', java.version: '15.0.1'
Driver info: driver.version: EdgeDriver
remote stacktrace: 0   msedgedriver                        0x000000010633e8b9 __gxx_personality_v0 + 591561
1   msedgedriver                        0x00000001062c80e3 __gxx_personality_v0 + 106227
2   msedgedriver                        0x0000000105e7f658 msedgedriver + 173656
3   msedgedriver                        0x0000000105ea3749 msedgedriver + 321353
4   msedgedriver                        0x0000000105ea0a0f msedgedriver + 309775
5   msedgedriver                        0x0000000105edbd1d msedgedriver + 552221
6   msedgedriver                        0x0000000105ed5383 msedgedriver + 525187
7   msedgedriver                        0x0000000105eab3fa msedgedriver + 353274
8   msedgedriver                        0x0000000105eac7a5 msedgedriver + 358309
9   msedgedriver                        0x00000001062f9ecb __gxx_personality_v0 + 310491
10  msedgedriver                        0x0000000106312616 __gxx_personality_v0 + 410662
11  msedgedriver                        0x0000000106317efb __gxx_personality_v0 + 433419
12  msedgedriver                        0x0000000106313cf4 __gxx_personality_v0 + 416516
13  msedgedriver                        0x00000001062eed4b __gxx_personality_v0 + 265051
14  msedgedriver                        0x000000010632ea28 __gxx_personality_v0 + 526392
15  msedgedriver                        0x000000010632ebe8 __gxx_personality_v0 + 526840
16  msedgedriver                        0x0000000106345ce8 __gxx_personality_v0 + 621304
17  libsystem_pthread.dylib             0x00007fff203178fc _pthread_start + 224
18  libsystem_pthread.dylib             0x00007fff20313443 thread_start + 15

at java.base/jdk.internal.reflect.NativeConstructorAccessorImpl.newInstance0(Native Method)
at java.base/jdk.internal.reflect.NativeConstructorAccessorImpl.newInstance(NativeConstructorAccessorImpl.java:64)
at java.base/jdk.internal.reflect.DelegatingConstructorAccessorImpl.newInstance(DelegatingConstructorAccessorImpl.java:45)
at java.base/java.lang.reflect.Constructor.newInstanceWithCaller(Constructor.java:500)
at java.base/java.lang.reflect.Constructor.newInstance(Constructor.java:481)
at org.openqa.selenium.remote.W3CHandshakeResponse.lambda$errorHandler$0(W3CHandshakeResponse.java:62)
at org.openqa.selenium.remote.HandshakeResponse.lambda$getResponseFunction$0(HandshakeResponse.java:30)
at org.openqa.selenium.remote.ProtocolHandshake.lambda$createSession$0(ProtocolHandshake.java:126)
at java.base/java.util.stream.ReferencePipeline$3$1.accept(ReferencePipeline.java:195)
at java.base/java.util.Spliterators$ArraySpliterator.tryAdvance(Spliterators.java:958)
at java.base/java.util.stream.ReferencePipeline.forEachWithCancel(ReferencePipeline.java:127)
at java.base/java.util.stream.AbstractPipeline.copyIntoWithCancel(AbstractPipeline.java:502)
at java.base/java.util.stream.AbstractPipeline.copyInto(AbstractPipeline.java:488)
at java.base/java.util.stream.AbstractPipeline.wrapAndCopyInto(AbstractPipeline.java:474)
at java.base/java.util.stream.FindOps$FindOp.evaluateSequential(FindOps.java:150)
at java.base/java.util.stream.AbstractPipeline.evaluate(AbstractPipeline.java:234)
at java.base/java.util.stream.ReferencePipeline.findFirst(ReferencePipeline.java:543)
at org.openqa.selenium.remote.ProtocolHandshake.createSession(ProtocolHandshake.java:128)
at org.openqa.selenium.remote.ProtocolHandshake.createSession(ProtocolHandshake.java:74)
at org.openqa.selenium.remote.HttpCommandExecutor.execute(HttpCommandExecutor.java:136)
at org.openqa.selenium.remote.service.DriverCommandExecutor.execute(DriverCommandExecutor.java:83)
at org.openqa.selenium.remote.RemoteWebDriver.execute(RemoteWebDriver.java:552)
at org.openqa.selenium.remote.RemoteWebDriver.startSession(RemoteWebDriver.java:213)
at org.openqa.selenium.remote.RemoteWebDriver.<init>(RemoteWebDriver.java:131)
at org.openqa.selenium.edge.EdgeDriver.<init>(EdgeDriver.java:141)
at org.openqa.selenium.edge.EdgeDriver.<init>(EdgeDriver.java:96)
at com.dsalgo.base.BrowserInit.startApplication(BrowserInit.java:51)
at com.dsalgo.base.BrowserInit.beforeClass(BrowserInit.java:80)
at java.base/jdk.internal.reflect.NativeMethodAccessorImpl.invoke0(Native Method)
at java.base/jdk.internal.reflect.NativeMethodAccessorImpl.invoke(NativeMethodAccessorImpl.java:64)
at java.base/jdk.internal.reflect.DelegatingMethodAccessorImpl.invoke(DelegatingMethodAccessorImpl.java:43)
at java.base/java.lang.reflect.Method.invoke(Method.java:564)
at org.testng.internal.MethodInvocationHelper.invokeMethod(MethodInvocationHelper.java:133)
at org.testng.internal.MethodInvocationHelper.invokeMethodConsideringTimeout(MethodInvocationHelper.java:62)
at org.testng.internal.ConfigInvoker.invokeConfigurationMethod(ConfigInvoker.java:385)
at org.testng.internal.ConfigInvoker.invokeConfigurations(ConfigInvoker.java:321)
at org.testng.internal.TestMethodWorker.invokeBeforeClassMethods(TestMethodWorker.java:176)
at org.testng.internal.TestMethodWorker.run(TestMethodWorker.java:122)
at java.base/java.util.ArrayList.forEach(ArrayList.java:1511)
at org.testng.TestRunner.privateRun(TestRunner.java:794)
at org.testng.TestRunner.run(TestRunner.java:596)
at org.testng.SuiteRunner.runTest(SuiteRunner.java:377)
at org.testng.SuiteRunner.runSequentially(SuiteRunner.java:371)
at org.testng.SuiteRunner.privateRun(SuiteRunner.java:332)
at org.testng.SuiteRunner.run(SuiteRunner.java:276)
at org.testng.SuiteRunnerWorker.runSuite(SuiteRunnerWorker.java:53)
at org.testng.SuiteRunnerWorker.run(SuiteRunnerWorker.java:96)
at org.testng.TestNG.runSuitesSequentially(TestNG.java:1212)
at org.testng.TestNG.runSuitesLocally(TestNG.java:1134)
at org.testng.TestNG.runSuites(TestNG.java:1063)
at org.testng.TestNG.run(TestNG.java:1031)
at org.testng.remote.AbstractRemoteTestNG.run(AbstractRemoteTestNG.java:115)
at org.testng.remote.RemoteTestNG.initAndRun(RemoteTestNG.java:251)
at org.testng.remote.RemoteTestNG.main(RemoteTestNG.java:77)
]]>
            </full-stacktrace>
          </exception> <!-- org.openqa.selenium.WebDriverException -->
          <reporter-output>
          </reporter-output>
        </test-method> <!-- ArrayPython_TextEditor -->
        <test-method signature="ArrayBasicOps()[pri:4, instance:com.dsalgo.testcases.Array_PageValidation@302f7971]" started-at="2021-11-26T23:30:54 PST" name="ArrayBasicOps" finished-at="2021-11-26T23:30:54 PST" duration-ms="0" status="SKIP">
          <exception class="org.openqa.selenium.WebDriverException">
            <message>
              <![CDATA[unknown error: cannot find MSEdge binary
Build info: version: '3.141.59', revision: 'e82be7d358', time: '2018-11-14T08:17:03'
System info: host: 'Nitins-MacBook-Pro.local', ip: '2601:647:4903:a510:5548:d3d5:dfef:fcb8%en0', os.name: 'Mac OS X', os.arch: 'x86_64', os.version: '10.16', java.version: '15.0.1'
Driver info: driver.version: EdgeDriver
remote stacktrace: 0   msedgedriver                        0x000000010633e8b9 __gxx_personality_v0 + 591561
1   msedgedriver                        0x00000001062c80e3 __gxx_personality_v0 + 106227
2   msedgedriver                        0x0000000105e7f658 msedgedriver + 173656
3   msedgedriver                        0x0000000105ea3749 msedgedriver + 321353
4   msedgedriver                        0x0000000105ea0a0f msedgedriver + 309775
5   msedgedriver                        0x0000000105edbd1d msedgedriver + 552221
6   msedgedriver                        0x0000000105ed5383 msedgedriver + 525187
7   msedgedriver                        0x0000000105eab3fa msedgedriver + 353274
8   msedgedriver                        0x0000000105eac7a5 msedgedriver + 358309
9   msedgedriver                        0x00000001062f9ecb __gxx_personality_v0 + 310491
10  msedgedriver                        0x0000000106312616 __gxx_personality_v0 + 410662
11  msedgedriver                        0x0000000106317efb __gxx_personality_v0 + 433419
12  msedgedriver                        0x0000000106313cf4 __gxx_personality_v0 + 416516
13  msedgedriver                        0x00000001062eed4b __gxx_personality_v0 + 265051
14  msedgedriver                        0x000000010632ea28 __gxx_personality_v0 + 526392
15  msedgedriver                        0x000000010632ebe8 __gxx_personality_v0 + 526840
16  msedgedriver                        0x0000000106345ce8 __gxx_personality_v0 + 621304
17  libsystem_pthread.dylib             0x00007fff203178fc _pthread_start + 224
18  libsystem_pthread.dylib             0x00007fff20313443 thread_start + 15
]]>
            </message>
            <full-stacktrace>
              <![CDATA[org.openqa.selenium.WebDriverException: unknown error: cannot find MSEdge binary
Build info: version: '3.141.59', revision: 'e82be7d358', time: '2018-11-14T08:17:03'
System info: host: 'Nitins-MacBook-Pro.local', ip: '2601:647:4903:a510:5548:d3d5:dfef:fcb8%en0', os.name: 'Mac OS X', os.arch: 'x86_64', os.version: '10.16', java.version: '15.0.1'
Driver info: driver.version: EdgeDriver
remote stacktrace: 0   msedgedriver                        0x000000010633e8b9 __gxx_personality_v0 + 591561
1   msedgedriver                        0x00000001062c80e3 __gxx_personality_v0 + 106227
2   msedgedriver                        0x0000000105e7f658 msedgedriver + 173656
3   msedgedriver                        0x0000000105ea3749 msedgedriver + 321353
4   msedgedriver                        0x0000000105ea0a0f msedgedriver + 309775
5   msedgedriver                        0x0000000105edbd1d msedgedriver + 552221
6   msedgedriver                        0x0000000105ed5383 msedgedriver + 525187
7   msedgedriver                        0x0000000105eab3fa msedgedriver + 353274
8   msedgedriver                        0x0000000105eac7a5 msedgedriver + 358309
9   msedgedriver                        0x00000001062f9ecb __gxx_personality_v0 + 310491
10  msedgedriver                        0x0000000106312616 __gxx_personality_v0 + 410662
11  msedgedriver                        0x0000000106317efb __gxx_personality_v0 + 433419
12  msedgedriver                        0x0000000106313cf4 __gxx_personality_v0 + 416516
13  msedgedriver                        0x00000001062eed4b __gxx_personality_v0 + 265051
14  msedgedriver                        0x000000010632ea28 __gxx_personality_v0 + 526392
15  msedgedriver                        0x000000010632ebe8 __gxx_personality_v0 + 526840
16  msedgedriver                        0x0000000106345ce8 __gxx_personality_v0 + 621304
17  libsystem_pthread.dylib             0x00007fff203178fc _pthread_start + 224
18  libsystem_pthread.dylib             0x00007fff20313443 thread_start + 15

at java.base/jdk.internal.reflect.NativeConstructorAccessorImpl.newInstance0(Native Method)
at java.base/jdk.internal.reflect.NativeConstructorAccessorImpl.newInstance(NativeConstructorAccessorImpl.java:64)
at java.base/jdk.internal.reflect.DelegatingConstructorAccessorImpl.newInstance(DelegatingConstructorAccessorImpl.java:45)
at java.base/java.lang.reflect.Constructor.newInstanceWithCaller(Constructor.java:500)
at java.base/java.lang.reflect.Constructor.newInstance(Constructor.java:481)
at org.openqa.selenium.remote.W3CHandshakeResponse.lambda$errorHandler$0(W3CHandshakeResponse.java:62)
at org.openqa.selenium.remote.HandshakeResponse.lambda$getResponseFunction$0(HandshakeResponse.java:30)
at org.openqa.selenium.remote.ProtocolHandshake.lambda$createSession$0(ProtocolHandshake.java:126)
at java.base/java.util.stream.ReferencePipeline$3$1.accept(ReferencePipeline.java:195)
at java.base/java.util.Spliterators$ArraySpliterator.tryAdvance(Spliterators.java:958)
at java.base/java.util.stream.ReferencePipeline.forEachWithCancel(ReferencePipeline.java:127)
at java.base/java.util.stream.AbstractPipeline.copyIntoWithCancel(AbstractPipeline.java:502)
at java.base/java.util.stream.AbstractPipeline.copyInto(AbstractPipeline.java:488)
at java.base/java.util.stream.AbstractPipeline.wrapAndCopyInto(AbstractPipeline.java:474)
at java.base/java.util.stream.FindOps$FindOp.evaluateSequential(FindOps.java:150)
at java.base/java.util.stream.AbstractPipeline.evaluate(AbstractPipeline.java:234)
at java.base/java.util.stream.ReferencePipeline.findFirst(ReferencePipeline.java:543)
at org.openqa.selenium.remote.ProtocolHandshake.createSession(ProtocolHandshake.java:128)
at org.openqa.selenium.remote.ProtocolHandshake.createSession(ProtocolHandshake.java:74)
at org.openqa.selenium.remote.HttpCommandExecutor.execute(HttpCommandExecutor.java:136)
at org.openqa.selenium.remote.service.DriverCommandExecutor.execute(DriverCommandExecutor.java:83)
at org.openqa.selenium.remote.RemoteWebDriver.execute(RemoteWebDriver.java:552)
at org.openqa.selenium.remote.RemoteWebDriver.startSession(RemoteWebDriver.java:213)
at org.openqa.selenium.remote.RemoteWebDriver.<init>(RemoteWebDriver.java:131)
at org.openqa.selenium.edge.EdgeDriver.<init>(EdgeDriver.java:141)
at org.openqa.selenium.edge.EdgeDriver.<init>(EdgeDriver.java:96)
at com.dsalgo.base.BrowserInit.startApplication(BrowserInit.java:51)
at com.dsalgo.base.BrowserInit.beforeClass(BrowserInit.java:80)
at java.base/jdk.internal.reflect.NativeMethodAccessorImpl.invoke0(Native Method)
at java.base/jdk.internal.reflect.NativeMethodAccessorImpl.invoke(NativeMethodAccessorImpl.java:64)
at java.base/jdk.internal.reflect.DelegatingMethodAccessorImpl.invoke(DelegatingMethodAccessorImpl.java:43)
at java.base/java.lang.reflect.Method.invoke(Method.java:564)
at org.testng.internal.MethodInvocationHelper.invokeMethod(MethodInvocationHelper.java:133)
at org.testng.internal.MethodInvocationHelper.invokeMethodConsideringTimeout(MethodInvocationHelper.java:62)
at org.testng.internal.ConfigInvoker.invokeConfigurationMethod(ConfigInvoker.java:385)
at org.testng.internal.ConfigInvoker.invokeConfigurations(ConfigInvoker.java:321)
at org.testng.internal.TestMethodWorker.invokeBeforeClassMethods(TestMethodWorker.java:176)
at org.testng.internal.TestMethodWorker.run(TestMethodWorker.java:122)
at java.base/java.util.ArrayList.forEach(ArrayList.java:1511)
at org.testng.TestRunner.privateRun(TestRunner.java:794)
at org.testng.TestRunner.run(TestRunner.java:596)
at org.testng.SuiteRunner.runTest(SuiteRunner.java:377)
at org.testng.SuiteRunner.runSequentially(SuiteRunner.java:371)
at org.testng.SuiteRunner.privateRun(SuiteRunner.java:332)
at org.testng.SuiteRunner.run(SuiteRunner.java:276)
at org.testng.SuiteRunnerWorker.runSuite(SuiteRunnerWorker.java:53)
at org.testng.SuiteRunnerWorker.run(SuiteRunnerWorker.java:96)
at org.testng.TestNG.runSuitesSequentially(TestNG.java:1212)
at org.testng.TestNG.runSuitesLocally(TestNG.java:1134)
at org.testng.TestNG.runSuites(TestNG.java:1063)
at org.testng.TestNG.run(TestNG.java:1031)
at org.testng.remote.AbstractRemoteTestNG.run(AbstractRemoteTestNG.java:115)
at org.testng.remote.RemoteTestNG.initAndRun(RemoteTestNG.java:251)
at org.testng.remote.RemoteTestNG.main(RemoteTestNG.java:77)
]]>
            </full-stacktrace>
          </exception> <!-- org.openqa.selenium.WebDriverException -->
          <reporter-output>
          </reporter-output>
        </test-method> <!-- ArrayBasicOps -->
        <test-method signature="TextEditorBasicOperation_Validation()[pri:5, instance:com.dsalgo.testcases.Array_PageValidation@302f7971]" started-at="2021-11-26T23:30:54 PST" name="TextEditorBasicOperation_Validation" finished-at="2021-11-26T23:30:54 PST" duration-ms="0" status="SKIP">
          <exception class="org.openqa.selenium.WebDriverException">
            <message>
              <![CDATA[unknown error: cannot find MSEdge binary
Build info: version: '3.141.59', revision: 'e82be7d358', time: '2018-11-14T08:17:03'
System info: host: 'Nitins-MacBook-Pro.local', ip: '2601:647:4903:a510:5548:d3d5:dfef:fcb8%en0', os.name: 'Mac OS X', os.arch: 'x86_64', os.version: '10.16', java.version: '15.0.1'
Driver info: driver.version: EdgeDriver
remote stacktrace: 0   msedgedriver                        0x000000010633e8b9 __gxx_personality_v0 + 591561
1   msedgedriver                        0x00000001062c80e3 __gxx_personality_v0 + 106227
2   msedgedriver                        0x0000000105e7f658 msedgedriver + 173656
3   msedgedriver                        0x0000000105ea3749 msedgedriver + 321353
4   msedgedriver                        0x0000000105ea0a0f msedgedriver + 309775
5   msedgedriver                        0x0000000105edbd1d msedgedriver + 552221
6   msedgedriver                        0x0000000105ed5383 msedgedriver + 525187
7   msedgedriver                        0x0000000105eab3fa msedgedriver + 353274
8   msedgedriver                        0x0000000105eac7a5 msedgedriver + 358309
9   msedgedriver                        0x00000001062f9ecb __gxx_personality_v0 + 310491
10  msedgedriver                        0x0000000106312616 __gxx_personality_v0 + 410662
11  msedgedriver                        0x0000000106317efb __gxx_personality_v0 + 433419
12  msedgedriver                        0x0000000106313cf4 __gxx_personality_v0 + 416516
13  msedgedriver                        0x00000001062eed4b __gxx_personality_v0 + 265051
14  msedgedriver                        0x000000010632ea28 __gxx_personality_v0 + 526392
15  msedgedriver                        0x000000010632ebe8 __gxx_personality_v0 + 526840
16  msedgedriver                        0x0000000106345ce8 __gxx_personality_v0 + 621304
17  libsystem_pthread.dylib             0x00007fff203178fc _pthread_start + 224
18  libsystem_pthread.dylib             0x00007fff20313443 thread_start + 15
]]>
            </message>
            <full-stacktrace>
              <![CDATA[org.openqa.selenium.WebDriverException: unknown error: cannot find MSEdge binary
Build info: version: '3.141.59', revision: 'e82be7d358', time: '2018-11-14T08:17:03'
System info: host: 'Nitins-MacBook-Pro.local', ip: '2601:647:4903:a510:5548:d3d5:dfef:fcb8%en0', os.name: 'Mac OS X', os.arch: 'x86_64', os.version: '10.16', java.version: '15.0.1'
Driver info: driver.version: EdgeDriver
remote stacktrace: 0   msedgedriver                        0x000000010633e8b9 __gxx_personality_v0 + 591561
1   msedgedriver                        0x00000001062c80e3 __gxx_personality_v0 + 106227
2   msedgedriver                        0x0000000105e7f658 msedgedriver + 173656
3   msedgedriver                        0x0000000105ea3749 msedgedriver + 321353
4   msedgedriver                        0x0000000105ea0a0f msedgedriver + 309775
5   msedgedriver                        0x0000000105edbd1d msedgedriver + 552221
6   msedgedriver                        0x0000000105ed5383 msedgedriver + 525187
7   msedgedriver                        0x0000000105eab3fa msedgedriver + 353274
8   msedgedriver                        0x0000000105eac7a5 msedgedriver + 358309
9   msedgedriver                        0x00000001062f9ecb __gxx_personality_v0 + 310491
10  msedgedriver                        0x0000000106312616 __gxx_personality_v0 + 410662
11  msedgedriver                        0x0000000106317efb __gxx_personality_v0 + 433419
12  msedgedriver                        0x0000000106313cf4 __gxx_personality_v0 + 416516
13  msedgedriver                        0x00000001062eed4b __gxx_personality_v0 + 265051
14  msedgedriver                        0x000000010632ea28 __gxx_personality_v0 + 526392
15  msedgedriver                        0x000000010632ebe8 __gxx_personality_v0 + 526840
16  msedgedriver                        0x0000000106345ce8 __gxx_personality_v0 + 621304
17  libsystem_pthread.dylib             0x00007fff203178fc _pthread_start + 224
18  libsystem_pthread.dylib             0x00007fff20313443 thread_start + 15

at java.base/jdk.internal.reflect.NativeConstructorAccessorImpl.newInstance0(Native Method)
at java.base/jdk.internal.reflect.NativeConstructorAccessorImpl.newInstance(NativeConstructorAccessorImpl.java:64)
at java.base/jdk.internal.reflect.DelegatingConstructorAccessorImpl.newInstance(DelegatingConstructorAccessorImpl.java:45)
at java.base/java.lang.reflect.Constructor.newInstanceWithCaller(Constructor.java:500)
at java.base/java.lang.reflect.Constructor.newInstance(Constructor.java:481)
at org.openqa.selenium.remote.W3CHandshakeResponse.lambda$errorHandler$0(W3CHandshakeResponse.java:62)
at org.openqa.selenium.remote.HandshakeResponse.lambda$getResponseFunction$0(HandshakeResponse.java:30)
at org.openqa.selenium.remote.ProtocolHandshake.lambda$createSession$0(ProtocolHandshake.java:126)
at java.base/java.util.stream.ReferencePipeline$3$1.accept(ReferencePipeline.java:195)
at java.base/java.util.Spliterators$ArraySpliterator.tryAdvance(Spliterators.java:958)
at java.base/java.util.stream.ReferencePipeline.forEachWithCancel(ReferencePipeline.java:127)
at java.base/java.util.stream.AbstractPipeline.copyIntoWithCancel(AbstractPipeline.java:502)
at java.base/java.util.stream.AbstractPipeline.copyInto(AbstractPipeline.java:488)
at java.base/java.util.stream.AbstractPipeline.wrapAndCopyInto(AbstractPipeline.java:474)
at java.base/java.util.stream.FindOps$FindOp.evaluateSequential(FindOps.java:150)
at java.base/java.util.stream.AbstractPipeline.evaluate(AbstractPipeline.java:234)
at java.base/java.util.stream.ReferencePipeline.findFirst(ReferencePipeline.java:543)
at org.openqa.selenium.remote.ProtocolHandshake.createSession(ProtocolHandshake.java:128)
at org.openqa.selenium.remote.ProtocolHandshake.createSession(ProtocolHandshake.java:74)
at org.openqa.selenium.remote.HttpCommandExecutor.execute(HttpCommandExecutor.java:136)
at org.openqa.selenium.remote.service.DriverCommandExecutor.execute(DriverCommandExecutor.java:83)
at org.openqa.selenium.remote.RemoteWebDriver.execute(RemoteWebDriver.java:552)
at org.openqa.selenium.remote.RemoteWebDriver.startSession(RemoteWebDriver.java:213)
at org.openqa.selenium.remote.RemoteWebDriver.<init>(RemoteWebDriver.java:131)
at org.openqa.selenium.edge.EdgeDriver.<init>(EdgeDriver.java:141)
at org.openqa.selenium.edge.EdgeDriver.<init>(EdgeDriver.java:96)
at com.dsalgo.base.BrowserInit.startApplication(BrowserInit.java:51)
at com.dsalgo.base.BrowserInit.beforeClass(BrowserInit.java:80)
at java.base/jdk.internal.reflect.NativeMethodAccessorImpl.invoke0(Native Method)
at java.base/jdk.internal.reflect.NativeMethodAccessorImpl.invoke(NativeMethodAccessorImpl.java:64)
at java.base/jdk.internal.reflect.DelegatingMethodAccessorImpl.invoke(DelegatingMethodAccessorImpl.java:43)
at java.base/java.lang.reflect.Method.invoke(Method.java:564)
at org.testng.internal.MethodInvocationHelper.invokeMethod(MethodInvocationHelper.java:133)
at org.testng.internal.MethodInvocationHelper.invokeMethodConsideringTimeout(MethodInvocationHelper.java:62)
at org.testng.internal.ConfigInvoker.invokeConfigurationMethod(ConfigInvoker.java:385)
at org.testng.internal.ConfigInvoker.invokeConfigurations(ConfigInvoker.java:321)
at org.testng.internal.TestMethodWorker.invokeBeforeClassMethods(TestMethodWorker.java:176)
at org.testng.internal.TestMethodWorker.run(TestMethodWorker.java:122)
at java.base/java.util.ArrayList.forEach(ArrayList.java:1511)
at org.testng.TestRunner.privateRun(TestRunner.java:794)
at org.testng.TestRunner.run(TestRunner.java:596)
at org.testng.SuiteRunner.runTest(SuiteRunner.java:377)
at org.testng.SuiteRunner.runSequentially(SuiteRunner.java:371)
at org.testng.SuiteRunner.privateRun(SuiteRunner.java:332)
at org.testng.SuiteRunner.run(SuiteRunner.java:276)
at org.testng.SuiteRunnerWorker.runSuite(SuiteRunnerWorker.java:53)
at org.testng.SuiteRunnerWorker.run(SuiteRunnerWorker.java:96)
at org.testng.TestNG.runSuitesSequentially(TestNG.java:1212)
at org.testng.TestNG.runSuitesLocally(TestNG.java:1134)
at org.testng.TestNG.runSuites(TestNG.java:1063)
at org.testng.TestNG.run(TestNG.java:1031)
at org.testng.remote.AbstractRemoteTestNG.run(AbstractRemoteTestNG.java:115)
at org.testng.remote.RemoteTestNG.initAndRun(RemoteTestNG.java:251)
at org.testng.remote.RemoteTestNG.main(RemoteTestNG.java:77)
]]>
            </full-stacktrace>
          </exception> <!-- org.openqa.selenium.WebDriverException -->
          <reporter-output>
          </reporter-output>
        </test-method> <!-- TextEditorBasicOperation_Validation -->
        <test-method signature="Arraylist()[pri:6, instance:com.dsalgo.testcases.Array_PageValidation@302f7971]" started-at="2021-11-26T23:30:54 PST" name="Arraylist" finished-at="2021-11-26T23:30:54 PST" duration-ms="0" status="SKIP">
          <exception class="org.openqa.selenium.WebDriverException">
            <message>
              <![CDATA[unknown error: cannot find MSEdge binary
Build info: version: '3.141.59', revision: 'e82be7d358', time: '2018-11-14T08:17:03'
System info: host: 'Nitins-MacBook-Pro.local', ip: '2601:647:4903:a510:5548:d3d5:dfef:fcb8%en0', os.name: 'Mac OS X', os.arch: 'x86_64', os.version: '10.16', java.version: '15.0.1'
Driver info: driver.version: EdgeDriver
remote stacktrace: 0   msedgedriver                        0x000000010633e8b9 __gxx_personality_v0 + 591561
1   msedgedriver                        0x00000001062c80e3 __gxx_personality_v0 + 106227
2   msedgedriver                        0x0000000105e7f658 msedgedriver + 173656
3   msedgedriver                        0x0000000105ea3749 msedgedriver + 321353
4   msedgedriver                        0x0000000105ea0a0f msedgedriver + 309775
5   msedgedriver                        0x0000000105edbd1d msedgedriver + 552221
6   msedgedriver                        0x0000000105ed5383 msedgedriver + 525187
7   msedgedriver                        0x0000000105eab3fa msedgedriver + 353274
8   msedgedriver                        0x0000000105eac7a5 msedgedriver + 358309
9   msedgedriver                        0x00000001062f9ecb __gxx_personality_v0 + 310491
10  msedgedriver                        0x0000000106312616 __gxx_personality_v0 + 410662
11  msedgedriver                        0x0000000106317efb __gxx_personality_v0 + 433419
12  msedgedriver                        0x0000000106313cf4 __gxx_personality_v0 + 416516
13  msedgedriver                        0x00000001062eed4b __gxx_personality_v0 + 265051
14  msedgedriver                        0x000000010632ea28 __gxx_personality_v0 + 526392
15  msedgedriver                        0x000000010632ebe8 __gxx_personality_v0 + 526840
16  msedgedriver                        0x0000000106345ce8 __gxx_personality_v0 + 621304
17  libsystem_pthread.dylib             0x00007fff203178fc _pthread_start + 224
18  libsystem_pthread.dylib             0x00007fff20313443 thread_start + 15
]]>
            </message>
            <full-stacktrace>
              <![CDATA[org.openqa.selenium.WebDriverException: unknown error: cannot find MSEdge binary
Build info: version: '3.141.59', revision: 'e82be7d358', time: '2018-11-14T08:17:03'
System info: host: 'Nitins-MacBook-Pro.local', ip: '2601:647:4903:a510:5548:d3d5:dfef:fcb8%en0', os.name: 'Mac OS X', os.arch: 'x86_64', os.version: '10.16', java.version: '15.0.1'
Driver info: driver.version: EdgeDriver
remote stacktrace: 0   msedgedriver                        0x000000010633e8b9 __gxx_personality_v0 + 591561
1   msedgedriver                        0x00000001062c80e3 __gxx_personality_v0 + 106227
2   msedgedriver                        0x0000000105e7f658 msedgedriver + 173656
3   msedgedriver                        0x0000000105ea3749 msedgedriver + 321353
4   msedgedriver                        0x0000000105ea0a0f msedgedriver + 309775
5   msedgedriver                        0x0000000105edbd1d msedgedriver + 552221
6   msedgedriver                        0x0000000105ed5383 msedgedriver + 525187
7   msedgedriver                        0x0000000105eab3fa msedgedriver + 353274
8   msedgedriver                        0x0000000105eac7a5 msedgedriver + 358309
9   msedgedriver                        0x00000001062f9ecb __gxx_personality_v0 + 310491
10  msedgedriver                        0x0000000106312616 __gxx_personality_v0 + 410662
11  msedgedriver                        0x0000000106317efb __gxx_personality_v0 + 433419
12  msedgedriver                        0x0000000106313cf4 __gxx_personality_v0 + 416516
13  msedgedriver                        0x00000001062eed4b __gxx_personality_v0 + 265051
14  msedgedriver                        0x000000010632ea28 __gxx_personality_v0 + 526392
15  msedgedriver                        0x000000010632ebe8 __gxx_personality_v0 + 526840
16  msedgedriver                        0x0000000106345ce8 __gxx_personality_v0 + 621304
17  libsystem_pthread.dylib             0x00007fff203178fc _pthread_start + 224
18  libsystem_pthread.dylib             0x00007fff20313443 thread_start + 15

at java.base/jdk.internal.reflect.NativeConstructorAccessorImpl.newInstance0(Native Method)
at java.base/jdk.internal.reflect.NativeConstructorAccessorImpl.newInstance(NativeConstructorAccessorImpl.java:64)
at java.base/jdk.internal.reflect.DelegatingConstructorAccessorImpl.newInstance(DelegatingConstructorAccessorImpl.java:45)
at java.base/java.lang.reflect.Constructor.newInstanceWithCaller(Constructor.java:500)
at java.base/java.lang.reflect.Constructor.newInstance(Constructor.java:481)
at org.openqa.selenium.remote.W3CHandshakeResponse.lambda$errorHandler$0(W3CHandshakeResponse.java:62)
at org.openqa.selenium.remote.HandshakeResponse.lambda$getResponseFunction$0(HandshakeResponse.java:30)
at org.openqa.selenium.remote.ProtocolHandshake.lambda$createSession$0(ProtocolHandshake.java:126)
at java.base/java.util.stream.ReferencePipeline$3$1.accept(ReferencePipeline.java:195)
at java.base/java.util.Spliterators$ArraySpliterator.tryAdvance(Spliterators.java:958)
at java.base/java.util.stream.ReferencePipeline.forEachWithCancel(ReferencePipeline.java:127)
at java.base/java.util.stream.AbstractPipeline.copyIntoWithCancel(AbstractPipeline.java:502)
at java.base/java.util.stream.AbstractPipeline.copyInto(AbstractPipeline.java:488)
at java.base/java.util.stream.AbstractPipeline.wrapAndCopyInto(AbstractPipeline.java:474)
at java.base/java.util.stream.FindOps$FindOp.evaluateSequential(FindOps.java:150)
at java.base/java.util.stream.AbstractPipeline.evaluate(AbstractPipeline.java:234)
at java.base/java.util.stream.ReferencePipeline.findFirst(ReferencePipeline.java:543)
at org.openqa.selenium.remote.ProtocolHandshake.createSession(ProtocolHandshake.java:128)
at org.openqa.selenium.remote.ProtocolHandshake.createSession(ProtocolHandshake.java:74)
at org.openqa.selenium.remote.HttpCommandExecutor.execute(HttpCommandExecutor.java:136)
at org.openqa.selenium.remote.service.DriverCommandExecutor.execute(DriverCommandExecutor.java:83)
at org.openqa.selenium.remote.RemoteWebDriver.execute(RemoteWebDriver.java:552)
at org.openqa.selenium.remote.RemoteWebDriver.startSession(RemoteWebDriver.java:213)
at org.openqa.selenium.remote.RemoteWebDriver.<init>(RemoteWebDriver.java:131)
at org.openqa.selenium.edge.EdgeDriver.<init>(EdgeDriver.java:141)
at org.openqa.selenium.edge.EdgeDriver.<init>(EdgeDriver.java:96)
at com.dsalgo.base.BrowserInit.startApplication(BrowserInit.java:51)
at com.dsalgo.base.BrowserInit.beforeClass(BrowserInit.java:80)
at java.base/jdk.internal.reflect.NativeMethodAccessorImpl.invoke0(Native Method)
at java.base/jdk.internal.reflect.NativeMethodAccessorImpl.invoke(NativeMethodAccessorImpl.java:64)
at java.base/jdk.internal.reflect.DelegatingMethodAccessorImpl.invoke(DelegatingMethodAccessorImpl.java:43)
at java.base/java.lang.reflect.Method.invoke(Method.java:564)
at org.testng.internal.MethodInvocationHelper.invokeMethod(MethodInvocationHelper.java:133)
at org.testng.internal.MethodInvocationHelper.invokeMethodConsideringTimeout(MethodInvocationHelper.java:62)
at org.testng.internal.ConfigInvoker.invokeConfigurationMethod(ConfigInvoker.java:385)
at org.testng.internal.ConfigInvoker.invokeConfigurations(ConfigInvoker.java:321)
at org.testng.internal.TestMethodWorker.invokeBeforeClassMethods(TestMethodWorker.java:176)
at org.testng.internal.TestMethodWorker.run(TestMethodWorker.java:122)
at java.base/java.util.ArrayList.forEach(ArrayList.java:1511)
at org.testng.TestRunner.privateRun(TestRunner.java:794)
at org.testng.TestRunner.run(TestRunner.java:596)
at org.testng.SuiteRunner.runTest(SuiteRunner.java:377)
at org.testng.SuiteRunner.runSequentially(SuiteRunner.java:371)
at org.testng.SuiteRunner.privateRun(SuiteRunner.java:332)
at org.testng.SuiteRunner.run(SuiteRunner.java:276)
at org.testng.SuiteRunnerWorker.runSuite(SuiteRunnerWorker.java:53)
at org.testng.SuiteRunnerWorker.run(SuiteRunnerWorker.java:96)
at org.testng.TestNG.runSuitesSequentially(TestNG.java:1212)
at org.testng.TestNG.runSuitesLocally(TestNG.java:1134)
at org.testng.TestNG.runSuites(TestNG.java:1063)
at org.testng.TestNG.run(TestNG.java:1031)
at org.testng.remote.AbstractRemoteTestNG.run(AbstractRemoteTestNG.java:115)
at org.testng.remote.RemoteTestNG.initAndRun(RemoteTestNG.java:251)
at org.testng.remote.RemoteTestNG.main(RemoteTestNG.java:77)
]]>
            </full-stacktrace>
          </exception> <!-- org.openqa.selenium.WebDriverException -->
          <reporter-output>
          </reporter-output>
        </test-method> <!-- Arraylist -->
        <test-method signature="TextEditorArrayList_Validation()[pri:7, instance:com.dsalgo.testcases.Array_PageValidation@302f7971]" started-at="2021-11-26T23:30:54 PST" name="TextEditorArrayList_Validation" finished-at="2021-11-26T23:30:54 PST" duration-ms="0" status="SKIP">
          <exception class="org.openqa.selenium.WebDriverException">
            <message>
              <![CDATA[unknown error: cannot find MSEdge binary
Build info: version: '3.141.59', revision: 'e82be7d358', time: '2018-11-14T08:17:03'
System info: host: 'Nitins-MacBook-Pro.local', ip: '2601:647:4903:a510:5548:d3d5:dfef:fcb8%en0', os.name: 'Mac OS X', os.arch: 'x86_64', os.version: '10.16', java.version: '15.0.1'
Driver info: driver.version: EdgeDriver
remote stacktrace: 0   msedgedriver                        0x000000010633e8b9 __gxx_personality_v0 + 591561
1   msedgedriver                        0x00000001062c80e3 __gxx_personality_v0 + 106227
2   msedgedriver                        0x0000000105e7f658 msedgedriver + 173656
3   msedgedriver                        0x0000000105ea3749 msedgedriver + 321353
4   msedgedriver                        0x0000000105ea0a0f msedgedriver + 309775
5   msedgedriver                        0x0000000105edbd1d msedgedriver + 552221
6   msedgedriver                        0x0000000105ed5383 msedgedriver + 525187
7   msedgedriver                        0x0000000105eab3fa msedgedriver + 353274
8   msedgedriver                        0x0000000105eac7a5 msedgedriver + 358309
9   msedgedriver                        0x00000001062f9ecb __gxx_personality_v0 + 310491
10  msedgedriver                        0x0000000106312616 __gxx_personality_v0 + 410662
11  msedgedriver                        0x0000000106317efb __gxx_personality_v0 + 433419
12  msedgedriver                        0x0000000106313cf4 __gxx_personality_v0 + 416516
13  msedgedriver                        0x00000001062eed4b __gxx_personality_v0 + 265051
14  msedgedriver                        0x000000010632ea28 __gxx_personality_v0 + 526392
15  msedgedriver                        0x000000010632ebe8 __gxx_personality_v0 + 526840
16  msedgedriver                        0x0000000106345ce8 __gxx_personality_v0 + 621304
17  libsystem_pthread.dylib             0x00007fff203178fc _pthread_start + 224
18  libsystem_pthread.dylib             0x00007fff20313443 thread_start + 15
]]>
            </message>
            <full-stacktrace>
              <![CDATA[org.openqa.selenium.WebDriverException: unknown error: cannot find MSEdge binary
Build info: version: '3.141.59', revision: 'e82be7d358', time: '2018-11-14T08:17:03'
System info: host: 'Nitins-MacBook-Pro.local', ip: '2601:647:4903:a510:5548:d3d5:dfef:fcb8%en0', os.name: 'Mac OS X', os.arch: 'x86_64', os.version: '10.16', java.version: '15.0.1'
Driver info: driver.version: EdgeDriver
remote stacktrace: 0   msedgedriver                        0x000000010633e8b9 __gxx_personality_v0 + 591561
1   msedgedriver                        0x00000001062c80e3 __gxx_personality_v0 + 106227
2   msedgedriver                        0x0000000105e7f658 msedgedriver + 173656
3   msedgedriver                        0x0000000105ea3749 msedgedriver + 321353
4   msedgedriver                        0x0000000105ea0a0f msedgedriver + 309775
5   msedgedriver                        0x0000000105edbd1d msedgedriver + 552221
6   msedgedriver                        0x0000000105ed5383 msedgedriver + 525187
7   msedgedriver                        0x0000000105eab3fa msedgedriver + 353274
8   msedgedriver                        0x0000000105eac7a5 msedgedriver + 358309
9   msedgedriver                        0x00000001062f9ecb __gxx_personality_v0 + 310491
10  msedgedriver                        0x0000000106312616 __gxx_personality_v0 + 410662
11  msedgedriver                        0x0000000106317efb __gxx_personality_v0 + 433419
12  msedgedriver                        0x0000000106313cf4 __gxx_personality_v0 + 416516
13  msedgedriver                        0x00000001062eed4b __gxx_personality_v0 + 265051
14  msedgedriver                        0x000000010632ea28 __gxx_personality_v0 + 526392
15  msedgedriver                        0x000000010632ebe8 __gxx_personality_v0 + 526840
16  msedgedriver                        0x0000000106345ce8 __gxx_personality_v0 + 621304
17  libsystem_pthread.dylib             0x00007fff203178fc _pthread_start + 224
18  libsystem_pthread.dylib             0x00007fff20313443 thread_start + 15

at java.base/jdk.internal.reflect.NativeConstructorAccessorImpl.newInstance0(Native Method)
at java.base/jdk.internal.reflect.NativeConstructorAccessorImpl.newInstance(NativeConstructorAccessorImpl.java:64)
at java.base/jdk.internal.reflect.DelegatingConstructorAccessorImpl.newInstance(DelegatingConstructorAccessorImpl.java:45)
at java.base/java.lang.reflect.Constructor.newInstanceWithCaller(Constructor.java:500)
at java.base/java.lang.reflect.Constructor.newInstance(Constructor.java:481)
at org.openqa.selenium.remote.W3CHandshakeResponse.lambda$errorHandler$0(W3CHandshakeResponse.java:62)
at org.openqa.selenium.remote.HandshakeResponse.lambda$getResponseFunction$0(HandshakeResponse.java:30)
at org.openqa.selenium.remote.ProtocolHandshake.lambda$createSession$0(ProtocolHandshake.java:126)
at java.base/java.util.stream.ReferencePipeline$3$1.accept(ReferencePipeline.java:195)
at java.base/java.util.Spliterators$ArraySpliterator.tryAdvance(Spliterators.java:958)
at java.base/java.util.stream.ReferencePipeline.forEachWithCancel(ReferencePipeline.java:127)
at java.base/java.util.stream.AbstractPipeline.copyIntoWithCancel(AbstractPipeline.java:502)
at java.base/java.util.stream.AbstractPipeline.copyInto(AbstractPipeline.java:488)
at java.base/java.util.stream.AbstractPipeline.wrapAndCopyInto(AbstractPipeline.java:474)
at java.base/java.util.stream.FindOps$FindOp.evaluateSequential(FindOps.java:150)
at java.base/java.util.stream.AbstractPipeline.evaluate(AbstractPipeline.java:234)
at java.base/java.util.stream.ReferencePipeline.findFirst(ReferencePipeline.java:543)
at org.openqa.selenium.remote.ProtocolHandshake.createSession(ProtocolHandshake.java:128)
at org.openqa.selenium.remote.ProtocolHandshake.createSession(ProtocolHandshake.java:74)
at org.openqa.selenium.remote.HttpCommandExecutor.execute(HttpCommandExecutor.java:136)
at org.openqa.selenium.remote.service.DriverCommandExecutor.execute(DriverCommandExecutor.java:83)
at org.openqa.selenium.remote.RemoteWebDriver.execute(RemoteWebDriver.java:552)
at org.openqa.selenium.remote.RemoteWebDriver.startSession(RemoteWebDriver.java:213)
at org.openqa.selenium.remote.RemoteWebDriver.<init>(RemoteWebDriver.java:131)
at org.openqa.selenium.edge.EdgeDriver.<init>(EdgeDriver.java:141)
at org.openqa.selenium.edge.EdgeDriver.<init>(EdgeDriver.java:96)
at com.dsalgo.base.BrowserInit.startApplication(BrowserInit.java:51)
at com.dsalgo.base.BrowserInit.beforeClass(BrowserInit.java:80)
at java.base/jdk.internal.reflect.NativeMethodAccessorImpl.invoke0(Native Method)
at java.base/jdk.internal.reflect.NativeMethodAccessorImpl.invoke(NativeMethodAccessorImpl.java:64)
at java.base/jdk.internal.reflect.DelegatingMethodAccessorImpl.invoke(DelegatingMethodAccessorImpl.java:43)
at java.base/java.lang.reflect.Method.invoke(Method.java:564)
at org.testng.internal.MethodInvocationHelper.invokeMethod(MethodInvocationHelper.java:133)
at org.testng.internal.MethodInvocationHelper.invokeMethodConsideringTimeout(MethodInvocationHelper.java:62)
at org.testng.internal.ConfigInvoker.invokeConfigurationMethod(ConfigInvoker.java:385)
at org.testng.internal.ConfigInvoker.invokeConfigurations(ConfigInvoker.java:321)
at org.testng.internal.TestMethodWorker.invokeBeforeClassMethods(TestMethodWorker.java:176)
at org.testng.internal.TestMethodWorker.run(TestMethodWorker.java:122)
at java.base/java.util.ArrayList.forEach(ArrayList.java:1511)
at org.testng.TestRunner.privateRun(TestRunner.java:794)
at org.testng.TestRunner.run(TestRunner.java:596)
at org.testng.SuiteRunner.runTest(SuiteRunner.java:377)
at org.testng.SuiteRunner.runSequentially(SuiteRunner.java:371)
at org.testng.SuiteRunner.privateRun(SuiteRunner.java:332)
at org.testng.SuiteRunner.run(SuiteRunner.java:276)
at org.testng.SuiteRunnerWorker.runSuite(SuiteRunnerWorker.java:53)
at org.testng.SuiteRunnerWorker.run(SuiteRunnerWorker.java:96)
at org.testng.TestNG.runSuitesSequentially(TestNG.java:1212)
at org.testng.TestNG.runSuitesLocally(TestNG.java:1134)
at org.testng.TestNG.runSuites(TestNG.java:1063)
at org.testng.TestNG.run(TestNG.java:1031)
at org.testng.remote.AbstractRemoteTestNG.run(AbstractRemoteTestNG.java:115)
at org.testng.remote.RemoteTestNG.initAndRun(RemoteTestNG.java:251)
at org.testng.remote.RemoteTestNG.main(RemoteTestNG.java:77)
]]>
            </full-stacktrace>
          </exception> <!-- org.openqa.selenium.WebDriverException -->
          <reporter-output>
          </reporter-output>
        </test-method> <!-- TextEditorArrayList_Validation -->
        <test-method signature="ApplicationsofArray()[pri:8, instance:com.dsalgo.testcases.Array_PageValidation@302f7971]" started-at="2021-11-26T23:30:54 PST" name="ApplicationsofArray" finished-at="2021-11-26T23:30:54 PST" duration-ms="0" status="SKIP">
          <exception class="org.openqa.selenium.WebDriverException">
            <message>
              <![CDATA[unknown error: cannot find MSEdge binary
Build info: version: '3.141.59', revision: 'e82be7d358', time: '2018-11-14T08:17:03'
System info: host: 'Nitins-MacBook-Pro.local', ip: '2601:647:4903:a510:5548:d3d5:dfef:fcb8%en0', os.name: 'Mac OS X', os.arch: 'x86_64', os.version: '10.16', java.version: '15.0.1'
Driver info: driver.version: EdgeDriver
remote stacktrace: 0   msedgedriver                        0x000000010633e8b9 __gxx_personality_v0 + 591561
1   msedgedriver                        0x00000001062c80e3 __gxx_personality_v0 + 106227
2   msedgedriver                        0x0000000105e7f658 msedgedriver + 173656
3   msedgedriver                        0x0000000105ea3749 msedgedriver + 321353
4   msedgedriver                        0x0000000105ea0a0f msedgedriver + 309775
5   msedgedriver                        0x0000000105edbd1d msedgedriver + 552221
6   msedgedriver                        0x0000000105ed5383 msedgedriver + 525187
7   msedgedriver                        0x0000000105eab3fa msedgedriver + 353274
8   msedgedriver                        0x0000000105eac7a5 msedgedriver + 358309
9   msedgedriver                        0x00000001062f9ecb __gxx_personality_v0 + 310491
10  msedgedriver                        0x0000000106312616 __gxx_personality_v0 + 410662
11  msedgedriver                        0x0000000106317efb __gxx_personality_v0 + 433419
12  msedgedriver                        0x0000000106313cf4 __gxx_personality_v0 + 416516
13  msedgedriver                        0x00000001062eed4b __gxx_personality_v0 + 265051
14  msedgedriver                        0x000000010632ea28 __gxx_personality_v0 + 526392
15  msedgedriver                        0x000000010632ebe8 __gxx_personality_v0 + 526840
16  msedgedriver                        0x0000000106345ce8 __gxx_personality_v0 + 621304
17  libsystem_pthread.dylib             0x00007fff203178fc _pthread_start + 224
18  libsystem_pthread.dylib             0x00007fff20313443 thread_start + 15
]]>
            </message>
            <full-stacktrace>
              <![CDATA[org.openqa.selenium.WebDriverException: unknown error: cannot find MSEdge binary
Build info: version: '3.141.59', revision: 'e82be7d358', time: '2018-11-14T08:17:03'
System info: host: 'Nitins-MacBook-Pro.local', ip: '2601:647:4903:a510:5548:d3d5:dfef:fcb8%en0', os.name: 'Mac OS X', os.arch: 'x86_64', os.version: '10.16', java.version: '15.0.1'
Driver info: driver.version: EdgeDriver
remote stacktrace: 0   msedgedriver                        0x000000010633e8b9 __gxx_personality_v0 + 591561
1   msedgedriver                        0x00000001062c80e3 __gxx_personality_v0 + 106227
2   msedgedriver                        0x0000000105e7f658 msedgedriver + 173656
3   msedgedriver                        0x0000000105ea3749 msedgedriver + 321353
4   msedgedriver                        0x0000000105ea0a0f msedgedriver + 309775
5   msedgedriver                        0x0000000105edbd1d msedgedriver + 552221
6   msedgedriver                        0x0000000105ed5383 msedgedriver + 525187
7   msedgedriver                        0x0000000105eab3fa msedgedriver + 353274
8   msedgedriver                        0x0000000105eac7a5 msedgedriver + 358309
9   msedgedriver                        0x00000001062f9ecb __gxx_personality_v0 + 310491
10  msedgedriver                        0x0000000106312616 __gxx_personality_v0 + 410662
11  msedgedriver                        0x0000000106317efb __gxx_personality_v0 + 433419
12  msedgedriver                        0x0000000106313cf4 __gxx_personality_v0 + 416516
13  msedgedriver                        0x00000001062eed4b __gxx_personality_v0 + 265051
14  msedgedriver                        0x000000010632ea28 __gxx_personality_v0 + 526392
15  msedgedriver                        0x000000010632ebe8 __gxx_personality_v0 + 526840
16  msedgedriver                        0x0000000106345ce8 __gxx_personality_v0 + 621304
17  libsystem_pthread.dylib             0x00007fff203178fc _pthread_start + 224
18  libsystem_pthread.dylib             0x00007fff20313443 thread_start + 15

at java.base/jdk.internal.reflect.NativeConstructorAccessorImpl.newInstance0(Native Method)
at java.base/jdk.internal.reflect.NativeConstructorAccessorImpl.newInstance(NativeConstructorAccessorImpl.java:64)
at java.base/jdk.internal.reflect.DelegatingConstructorAccessorImpl.newInstance(DelegatingConstructorAccessorImpl.java:45)
at java.base/java.lang.reflect.Constructor.newInstanceWithCaller(Constructor.java:500)
at java.base/java.lang.reflect.Constructor.newInstance(Constructor.java:481)
at org.openqa.selenium.remote.W3CHandshakeResponse.lambda$errorHandler$0(W3CHandshakeResponse.java:62)
at org.openqa.selenium.remote.HandshakeResponse.lambda$getResponseFunction$0(HandshakeResponse.java:30)
at org.openqa.selenium.remote.ProtocolHandshake.lambda$createSession$0(ProtocolHandshake.java:126)
at java.base/java.util.stream.ReferencePipeline$3$1.accept(ReferencePipeline.java:195)
at java.base/java.util.Spliterators$ArraySpliterator.tryAdvance(Spliterators.java:958)
at java.base/java.util.stream.ReferencePipeline.forEachWithCancel(ReferencePipeline.java:127)
at java.base/java.util.stream.AbstractPipeline.copyIntoWithCancel(AbstractPipeline.java:502)
at java.base/java.util.stream.AbstractPipeline.copyInto(AbstractPipeline.java:488)
at java.base/java.util.stream.AbstractPipeline.wrapAndCopyInto(AbstractPipeline.java:474)
at java.base/java.util.stream.FindOps$FindOp.evaluateSequential(FindOps.java:150)
at java.base/java.util.stream.AbstractPipeline.evaluate(AbstractPipeline.java:234)
at java.base/java.util.stream.ReferencePipeline.findFirst(ReferencePipeline.java:543)
at org.openqa.selenium.remote.ProtocolHandshake.createSession(ProtocolHandshake.java:128)
at org.openqa.selenium.remote.ProtocolHandshake.createSession(ProtocolHandshake.java:74)
at org.openqa.selenium.remote.HttpCommandExecutor.execute(HttpCommandExecutor.java:136)
at org.openqa.selenium.remote.service.DriverCommandExecutor.execute(DriverCommandExecutor.java:83)
at org.openqa.selenium.remote.RemoteWebDriver.execute(RemoteWebDriver.java:552)
at org.openqa.selenium.remote.RemoteWebDriver.startSession(RemoteWebDriver.java:213)
at org.openqa.selenium.remote.RemoteWebDriver.<init>(RemoteWebDriver.java:131)
at org.openqa.selenium.edge.EdgeDriver.<init>(EdgeDriver.java:141)
at org.openqa.selenium.edge.EdgeDriver.<init>(EdgeDriver.java:96)
at com.dsalgo.base.BrowserInit.startApplication(BrowserInit.java:51)
at com.dsalgo.base.BrowserInit.beforeClass(BrowserInit.java:80)
at java.base/jdk.internal.reflect.NativeMethodAccessorImpl.invoke0(Native Method)
at java.base/jdk.internal.reflect.NativeMethodAccessorImpl.invoke(NativeMethodAccessorImpl.java:64)
at java.base/jdk.internal.reflect.DelegatingMethodAccessorImpl.invoke(DelegatingMethodAccessorImpl.java:43)
at java.base/java.lang.reflect.Method.invoke(Method.java:564)
at org.testng.internal.MethodInvocationHelper.invokeMethod(MethodInvocationHelper.java:133)
at org.testng.internal.MethodInvocationHelper.invokeMethodConsideringTimeout(MethodInvocationHelper.java:62)
at org.testng.internal.ConfigInvoker.invokeConfigurationMethod(ConfigInvoker.java:385)
at org.testng.internal.ConfigInvoker.invokeConfigurations(ConfigInvoker.java:321)
at org.testng.internal.TestMethodWorker.invokeBeforeClassMethods(TestMethodWorker.java:176)
at org.testng.internal.TestMethodWorker.run(TestMethodWorker.java:122)
at java.base/java.util.ArrayList.forEach(ArrayList.java:1511)
at org.testng.TestRunner.privateRun(TestRunner.java:794)
at org.testng.TestRunner.run(TestRunner.java:596)
at org.testng.SuiteRunner.runTest(SuiteRunner.java:377)
at org.testng.SuiteRunner.runSequentially(SuiteRunner.java:371)
at org.testng.SuiteRunner.privateRun(SuiteRunner.java:332)
at org.testng.SuiteRunner.run(SuiteRunner.java:276)
at org.testng.SuiteRunnerWorker.runSuite(SuiteRunnerWorker.java:53)
at org.testng.SuiteRunnerWorker.run(SuiteRunnerWorker.java:96)
at org.testng.TestNG.runSuitesSequentially(TestNG.java:1212)
at org.testng.TestNG.runSuitesLocally(TestNG.java:1134)
at org.testng.TestNG.runSuites(TestNG.java:1063)
at org.testng.TestNG.run(TestNG.java:1031)
at org.testng.remote.AbstractRemoteTestNG.run(AbstractRemoteTestNG.java:115)
at org.testng.remote.RemoteTestNG.initAndRun(RemoteTestNG.java:251)
at org.testng.remote.RemoteTestNG.main(RemoteTestNG.java:77)
]]>
            </full-stacktrace>
          </exception> <!-- org.openqa.selenium.WebDriverException -->
          <reporter-output>
          </reporter-output>
        </test-method> <!-- ApplicationsofArray -->
        <test-method is-config="true" signature="afterClass()[pri:0, instance:com.dsalgo.testcases.Array_PageValidation@302f7971]" started-at="2021-11-26T23:30:54 PST" name="afterClass" finished-at="1969-12-31T16:00:00 PST" duration-ms="-1637998254668" status="SKIP">
          <reporter-output>
          </reporter-output>
        </test-method> <!-- afterClass -->
      </class> <!-- com.dsalgo.testcases.Array_PageValidation -->
    </test> <!-- Default test -->
  </suite> <!-- Default suite -->
</testng-results>
